Tue Aug 29 08:08:31 UTC 2023
Tue Aug 29 08:23:46 UTC 2023
Tue Aug 29 08:31:03 UTC 2023
Tue Aug 29 09:06:25 UTC 2023
Tue Aug 29 09:45:06 UTC 2023
Tue Aug 29 16:14:54 UTC 2023
Tue Aug 29 16:57:33 UTC 2023
Tue Aug 29 17:00:10 UTC 2023
Tue Aug 29 17:09:08 UTC 2023
Tue Aug 29 17:44:13 UTC 2023
Tue Aug 29 18:57:19 UTC 2023
Tue Aug 29 19:03:10 UTC 2023
Tue Aug 29 19:24:10 UTC 2023
Tue Aug 29 20:22:55 UTC 2023
Wed Aug 30 07:36:27 UTC 2023
Thu Aug 31 21:10:58 UTC 2023
Fri Sep  1 18:53:44 UTC 2023
Fri Sep  1 20:34:32 UTC 2023
Fri Sep  1 20:47:28 UTC 2023
Fri Sep  1 21:39:21 UTC 2023
Fri Sep 15 19:25:05 UTC 2023
Fri Sep 15 19:49:39 UTC 2023
Fri Sep 15 19:52:58 UTC 2023
Fri Sep 15 19:57:13 UTC 2023
Fri Jan 24 00:44:49 UTC 2025
Fri Jan 24 14:05:19 UTC 2025
Fri Jan 24 14:16:00 UTC 2025
Fri Jan 24 17:59:32 UTC 2025
Fri Jan 24 18:03:50 UTC 2025
Fri Jan 24 18:15:11 UTC 2025
Fri Jan 24 20:10:59 UTC 2025
Fri Jan 24 20:43:43 UTC 2025
Fri Jan 24 20:51:55 UTC 2025
Fri Jan 24 21:46:06 UTC 2025
Sat Jan 25 20:19:44 UTC 2025
Sat Jan 25 20:34:53 UTC 2025
Sat Jan 25 20:36:26 UTC 2025
